<?xml version="1.0" encoding="UTF-8"?>
<testsuite xmlns:xsi="http://www.w3.org/2001/XMLSchema-instance" xsi:noNamespaceSchemaLocation="https://maven.apache.org/surefire/maven-surefire-plugin/xsd/surefire-test-report-3.0.xsd" version="3.0" name="org.example.service.EpicServiceImplTest" time="10.713" tests="8" errors="0" skipped="0" failures="0">
  <properties>
[...]
</properties>
  <testcase name="create_goodResult" classname="org.example.service.EpicServiceImplTest" time="0.2">
    <system-out><![CDATA[2024-12-01T09:53:55.431+03:00  INFO 20900 --- [           main] t.c.s.AnnotationConfigContextLoaderUtils : Could not detect default configuration classes for test class [org.example.service.EpicServiceImplTest]: EpicServiceImplTest does not declare any static, non-private, non-final, nested classes annotated with @Configuration.
2024-12-01T09:53:55.458+03:00  INFO 20900 --- [           main] org.testcontainers.images.PullPolicy     : Image pull policy will be performed by: DefaultPullPolicy()
2024-12-01T09:53:55.460+03:00  INFO 20900 --- [           main] o.t.utility.ImageNameSubstitutor         : Image name substitution will be performed by: DefaultImageNameSubstitutor (composite of 'ConfigurationFileImageNameSubstitutor' and 'PrefixingImageNameSubstitutor')
2024-12-01T09:53:55.781+03:00  INFO 20900 --- [           main] o.t.d.DockerClientProviderStrategy       : Loaded org.testcontainers.dockerclient.NpipeSocketClientProviderStrategy from ~/.testcontainers.properties, will try it first
2024-12-01T09:53:56.203+03:00  INFO 20900 --- [           main] o.t.d.DockerClientProviderStrategy       : Found Docker environment with local Npipe socket (npipe:////./pipe/docker_engine)
2024-12-01T09:53:56.204+03:00  INFO 20900 --- [           main] org.testcontainers.DockerClientFactory   : Docker host IP address is localhost
2024-12-01T09:53:56.213+03:00  INFO 20900 --- [           main] org.testcontainers.DockerClientFactory   : Connected to docker: 
  Server Version: 24.0.5
  API Version: 1.43
  Operating System: Docker Desktop
  Total Memory: 7781 MB
2024-12-01T09:53:56.232+03:00  INFO 20900 --- [           main] tc.testcontainers/ryuk:0.7.0             : Creating container for image: testcontainers/ryuk:0.7.0
2024-12-01T09:53:56.439+03:00  INFO 20900 --- [           main] o.t.utility.RegistryAuthLocator          : Credential helper/store (docker-credential-desktop) does not have credentials for https://index.docker.io/v1/
2024-12-01T09:53:56.672+03:00  INFO 20900 --- [           main] tc.testcontainers/ryuk:0.7.0             : Container testcontainers/ryuk:0.7.0 is starting: e4745788727b76ce35291174a7b9c95a767ac9620e570449e8fbbc3473c2f97e
2024-12-01T09:53:57.388+03:00  INFO 20900 --- [           main] tc.testcontainers/ryuk:0.7.0             : Container testcontainers/ryuk:0.7.0 started in PT1.1563289S
2024-12-01T09:53:57.397+03:00  INFO 20900 --- [           main] o.t.utility.RyukResourceReaper           : Ryuk started - will monitor and terminate Testcontainers containers on JVM exit
2024-12-01T09:53:57.397+03:00  INFO 20900 --- [           main] org.testcontainers.DockerClientFactory   : Checking the system...
2024-12-01T09:53:57.398+03:00  INFO 20900 --- [           main] org.testcontainers.DockerClientFactory   : ?? Docker server version should be at least 1.6.0
2024-12-01T09:53:57.440+03:00  INFO 20900 --- [           main] .b.t.c.SpringBootTestContextBootstrapper : Found @SpringBootConfiguration org.example.TaskServiceApplication for test class org.example.service.EpicServiceImplTest
2024-12-01T09:53:57.455+03:00  INFO 20900 --- [           main] tc.postgres:15                           : Creating container for image: postgres:15
2024-12-01T09:53:57.553+03:00  INFO 20900 --- [           main] tc.postgres:15                           : Container postgres:15 is starting: ee53dd92eeec60c7951fadc680f80d31857c7acd5b9c55acba251a8bacf15fd0
2024-12-01T09:53:59.215+03:00  INFO 20900 --- [           main] tc.postgres:15                           : Container postgres:15 started in PT1.7597212S
2024-12-01T09:53:59.216+03:00  INFO 20900 --- [           main] tc.postgres:15                           : Container is started (JDBC URL: jdbc:postgresql://localhost:64338/test?loggerLevel=OFF)

  .   ____          _            __ _ _
 /\\ / ___'_ __ _ _(_)_ __  __ _ \ \ \ \
( ( )\___ | '_ | '_| | '_ \/ _` | \ \ \ \
 \\/  ___)| |_)| | | | | || (_| |  ) ) ) )
  '  |____| .__|_| |_|_| |_\__, | / / / /
 =========|_|==============|___/=/_/_/_/

 :: Spring Boot ::                (v3.3.5)

2024-12-01T09:53:59.269+03:00  INFO 20900 --- [           main] o.example.service.EpicServiceImplTest    : Starting EpicServiceImplTest using Java 17.0.12 with PID 20900 (started by Marina in C:\Users\Marina\dev\task_service)
2024-12-01T09:53:59.275+03:00  INFO 20900 --- [           main] o.example.service.EpicServiceImplTest    : No active profile set, falling back to 1 default profile: "default"
2024-12-01T09:53:59.886+03:00  INFO 20900 --- [           main] .s.d.r.c.RepositoryConfigurationDelegate : Bootstrapping Spring Data JPA repositories in DEFAULT mode.
2024-12-01T09:53:59.973+03:00  INFO 20900 --- [           main] .s.d.r.c.RepositoryConfigurationDelegate : Finished Spring Data repository scanning in 75 ms. Found 2 JPA repository interfaces.
2024-12-01T09:54:00.688+03:00  INFO 20900 --- [           main] liquibase.database                       : Set default schema name to public
2024-12-01T09:54:01.101+03:00  INFO 20900 --- [           main] liquibase.changelog                      : Creating database history table with name: public.databasechangelog
2024-12-01T09:54:01.133+03:00  INFO 20900 --- [           main] liquibase.changelog                      : Reading from public.databasechangelog
2024-12-01T09:54:01.240+03:00  INFO 20900 --- [           main] liquibase.lockservice                    : Successfully acquired change log lock
2024-12-01T09:54:01.242+03:00  INFO 20900 --- [           main] liquibase.command                        : Using deploymentId: 3036041242
2024-12-01T09:54:01.245+03:00  INFO 20900 --- [           main] liquibase.changelog                      : Reading from public.databasechangelog
2024-12-01T09:54:01.265+03:00  INFO 20900 --- [           main] liquibase.ui                             : Running Changeset: db/changelog/changeset/create-tasks-table.yaml::create-tasks::shata
2024-12-01T09:54:01.278+03:00  INFO 20900 --- [           main] liquibase.changelog                      : Table tasks created
2024-12-01T09:54:01.280+03:00  INFO 20900 --- [           main] liquibase.changelog                      : ChangeSet db/changelog/changeset/create-tasks-table.yaml::create-tasks::shata ran successfully in 14ms
2024-12-01T09:54:01.290+03:00  INFO 20900 --- [           main] liquibase.ui                             : Running Changeset: db/changelog/changeset/change-tasks-table.yaml::change-names::shata
2024-12-01T09:54:01.294+03:00  INFO 20900 --- [           main] liquibase.changelog                      : Column tasks.eventId renamed to event_id
2024-12-01T09:54:01.295+03:00  INFO 20900 --- [           main] liquibase.changelog                      : ChangeSet db/changelog/changeset/change-tasks-table.yaml::change-names::shata ran successfully in 5ms
2024-12-01T09:54:01.300+03:00  INFO 20900 --- [           main] liquibase.ui                             : Running Changeset: db/changelog/changeset/addepic/create-epic-table.sql::create-tables::ism
2024-12-01T09:54:01.316+03:00  INFO 20900 --- [           main] liquibase.changelog                      : Custom SQL executed
2024-12-01T09:54:01.319+03:00  INFO 20900 --- [           main] liquibase.changelog                      : ChangeSet db/changelog/changeset/addepic/create-epic-table.sql::create-tables::ism ran successfully in 18ms
2024-12-01T09:54:01.326+03:00  INFO 20900 --- [           main] liquibase.ui                             : Running Changeset: db/changelog/changeset/addepic/change-tasks-table.sql::change-tables::ism
2024-12-01T09:54:01.334+03:00  INFO 20900 --- [           main] liquibase.changelog                      : Custom SQL executed
2024-12-01T09:54:01.336+03:00  INFO 20900 --- [           main] liquibase.changelog                      : ChangeSet db/changelog/changeset/addepic/change-tasks-table.sql::change-tables::ism ran successfully in 10ms
2024-12-01T09:54:01.349+03:00  INFO 20900 --- [           main] liquibase.util                           : UPDATE SUMMARY
2024-12-01T09:54:01.350+03:00  INFO 20900 --- [           main] liquibase.util                           : Run:                          4
2024-12-01T09:54:01.350+03:00  INFO 20900 --- [           main] liquibase.util                           : Previously run:               0
2024-12-01T09:54:01.350+03:00  INFO 20900 --- [           main] liquibase.util                           : Filtered out:                 0
2024-12-01T09:54:01.350+03:00  INFO 20900 --- [           main] liquibase.util                           : -------------------------------
2024-12-01T09:54:01.350+03:00  INFO 20900 --- [           main] liquibase.util                           : Total change sets:            4
2024-12-01T09:54:01.352+03:00  INFO 20900 --- [           main] liquibase.util                           : Update summary generated
2024-12-01T09:54:01.355+03:00  INFO 20900 --- [           main] liquibase.command                        : Update command completed successfully.
2024-12-01T09:54:01.356+03:00  INFO 20900 --- [           main] liquibase.ui                             : Liquibase: Update has been successful. Rows affected: 4
2024-12-01T09:54:01.367+03:00  INFO 20900 --- [           main] liquibase.lockservice                    : Successfully released change log lock
2024-12-01T09:54:01.371+03:00  INFO 20900 --- [           main] liquibase.command                        : Command execution complete
2024-12-01T09:54:01.507+03:00  INFO 20900 --- [           main] o.hibernate.jpa.internal.util.LogHelper  : HHH000204: Processing PersistenceUnitInfo [name: default]
2024-12-01T09:54:01.648+03:00  INFO 20900 --- [           main] org.hibernate.Version                    : HHH000412: Hibernate ORM core version 6.5.3.Final
2024-12-01T09:54:01.707+03:00  INFO 20900 --- [           main] o.h.c.internal.RegionFactoryInitiator    : HHH000026: Second-level cache disabled
2024-12-01T09:54:01.882+03:00  INFO 20900 --- [           main] o.s.o.j.p.SpringPersistenceUnitInfo      : No LoadTimeWeaver setup: ignoring JPA class transformer
2024-12-01T09:54:01.928+03:00  INFO 20900 --- [           main] com.zaxxer.hikari.HikariDataSource       : HikariPool-1 - Starting...
2024-12-01T09:54:01.982+03:00  INFO 20900 --- [           main] com.zaxxer.hikari.pool.HikariPool        : HikariPool-1 - Added connection org.postgresql.jdbc.PgConnection@6f2e0945
2024-12-01T09:54:01.986+03:00  INFO 20900 --- [           main] com.zaxxer.hikari.HikariDataSource       : HikariPool-1 - Start completed.
2024-12-01T09:54:02.019+03:00  WARN 20900 --- [           main] org.hibernate.orm.deprecation            : HHH90000025: PostgresPlusDialect does not need to be specified explicitly using 'hibernate.dialect' (remove the property setting and it will be selected by default)
2024-12-01T09:54:02.989+03:00  INFO 20900 --- [           main] o.h.e.t.j.p.i.JtaPlatformInitiator       : HHH000489: No JTA platform available (set 'hibernate.transaction.jta.platform' to enable JTA platform integration)
2024-12-01T09:54:02.992+03:00  INFO 20900 --- [           main] j.LocalContainerEntityManagerFactoryBean : Initialized JPA EntityManagerFactory for persistence unit 'default'
2024-12-01T09:54:03.411+03:00  INFO 20900 --- [           main] o.s.d.j.r.query.QueryEnhancerFactory     : Hibernate is in classpath; If applicable, HQL parser will be used.
2024-12-01T09:54:04.503+03:00  WARN 20900 --- [           main] JpaBaseConfiguration$JpaWebConfiguration : spring.jpa.open-in-view is enabled by default. Therefore, database queries may be performed during view rendering. Explicitly configure spring.jpa.open-in-view to disable this warning
2024-12-01T09:54:04.922+03:00  INFO 20900 --- [           main] o.example.service.EpicServiceImplTest    : Started EpicServiceImplTest in 5.701 seconds (process running for 14.217)
]]></system-out>
  </testcase>
  <testcase name="create_noEventId_badResult" classname="org.example.service.EpicServiceImplTest" time="0.047">
    <system-out><![CDATA[2024-12-01T09:54:05.148+03:00  WARN 20900 --- [           main] o.h.engine.jdbc.spi.SqlExceptionHelper   : SQL Error: 0, SQLState: 23502
2024-12-01T09:54:05.148+03:00 ERROR 20900 --- [           main] o.h.engine.jdbc.spi.SqlExceptionHelper   : ERROR: null value in column "event_id" of relation "epics" violates not-null constraint
  Подробности: Failing row contains (2, Группа, 1, 2024-12-02 09:54:05.131813, null).
]]></system-out>
  </testcase>
  <testcase name="patch_badResult" classname="org.example.service.EpicServiceImplTest" time="0.068"/>
  <testcase name="patch_goodResult" classname="org.example.service.EpicServiceImplTest" time="0.069"/>
  <testcase name="addTask" classname="org.example.service.EpicServiceImplTest" time="0.071"/>
  <testcase name="TestAddTask" classname="org.example.service.EpicServiceImplTest" time="0.012"/>
  <testcase name="deleteTask" classname="org.example.service.EpicServiceImplTest" time="0.07"/>
  <testcase name="findById" classname="org.example.service.EpicServiceImplTest" time="0.012"/>
</testsuite>