<?xml version="1.0" encoding="UTF-8"?>
<testsuite xmlns:xsi="http://www.w3.org/2001/XMLSchema-instance" xsi:noNamespaceSchemaLocation="https://maven.apache.org/surefire/maven-surefire-plugin/xsd/surefire-test-report-3.0.xsd" version="3.0" name="org.example.TaskServiceImplTest" time="5.343" tests="4" errors="0" skipped="0" failures="0">
  <properties>
[...]
</properties>
  <testcase name="testCreate" classname="org.example.TaskServiceImplTest" time="0.017">
    <system-out><![CDATA[2024-12-01T09:54:07.346+03:00  INFO 20900 --- [           main] t.c.s.AnnotationConfigContextLoaderUtils : Could not detect default configuration classes for test class [org.example.TaskServiceImplTest]: TaskServiceImplTest does not declare any static, non-private, non-final, nested classes annotated with @Configuration.
2024-12-01T09:54:07.363+03:00  INFO 20900 --- [           main] .b.t.c.SpringBootTestContextBootstrapper : Found @SpringBootConfiguration org.example.TaskServiceApplication for test class org.example.TaskServiceImplTest
2024-12-01T09:54:07.369+03:00  INFO 20900 --- [           main] tc.postgres:15                           : Creating container for image: postgres:15
2024-12-01T09:54:07.479+03:00  INFO 20900 --- [           main] tc.postgres:15                           : Container postgres:15 is starting: d8cc19da727c627ed1f07e910f5f0db4824b8996aa69a32b8095024df19d5747
2024-12-01T09:54:10.313+03:00  INFO 20900 --- [           main] tc.postgres:15                           : Container postgres:15 started in PT2.9444452S
2024-12-01T09:54:10.313+03:00  INFO 20900 --- [           main] tc.postgres:15                           : Container is started (JDBC URL: jdbc:postgresql://localhost:64350/test?loggerLevel=OFF)

  .   ____          _            __ _ _
 /\\ / ___'_ __ _ _(_)_ __  __ _ \ \ \ \
( ( )\___ | '_ | '_| | '_ \/ _` | \ \ \ \
 \\/  ___)| |_)| | | | | || (_| |  ) ) ) )
  '  |____| .__|_| |_|_| |_\__, | / / / /
 =========|_|==============|___/=/_/_/_/

 :: Spring Boot ::                (v3.3.5)

2024-12-01T09:54:10.354+03:00  INFO 20900 --- [           main] org.example.TaskServiceImplTest          : Starting TaskServiceImplTest using Java 17.0.12 with PID 20900 (started by Marina in C:\Users\Marina\dev\task_service)
2024-12-01T09:54:10.354+03:00  INFO 20900 --- [           main] org.example.TaskServiceImplTest          : No active profile set, falling back to 1 default profile: "default"
2024-12-01T09:54:10.694+03:00  INFO 20900 --- [           main] .s.d.r.c.RepositoryConfigurationDelegate : Bootstrapping Spring Data JPA repositories in DEFAULT mode.
2024-12-01T09:54:10.718+03:00  INFO 20900 --- [           main] .s.d.r.c.RepositoryConfigurationDelegate : Finished Spring Data repository scanning in 22 ms. Found 2 JPA repository interfaces.
2024-12-01T09:54:10.894+03:00  INFO 20900 --- [           main] liquibase.database                       : Set default schema name to public
2024-12-01T09:54:10.937+03:00  INFO 20900 --- [           main] liquibase.changelog                      : Creating database history table with name: public.databasechangelog
2024-12-01T09:54:10.954+03:00  INFO 20900 --- [           main] liquibase.changelog                      : Reading from public.databasechangelog
2024-12-01T09:54:11.037+03:00  INFO 20900 --- [           main] liquibase.lockservice                    : Successfully acquired change log lock
2024-12-01T09:54:11.040+03:00  INFO 20900 --- [           main] liquibase.command                        : Using deploymentId: 3036051040
2024-12-01T09:54:11.043+03:00  INFO 20900 --- [           main] liquibase.changelog                      : Reading from public.databasechangelog
2024-12-01T09:54:11.058+03:00  INFO 20900 --- [           main] liquibase.ui                             : Running Changeset: db/changelog/changeset/create-tasks-table.yaml::create-tasks::shata
2024-12-01T09:54:11.075+03:00  INFO 20900 --- [           main] liquibase.changelog                      : Table tasks created
2024-12-01T09:54:11.077+03:00  INFO 20900 --- [           main] liquibase.changelog                      : ChangeSet db/changelog/changeset/create-tasks-table.yaml::create-tasks::shata ran successfully in 18ms
2024-12-01T09:54:11.088+03:00  INFO 20900 --- [           main] liquibase.ui                             : Running Changeset: db/changelog/changeset/change-tasks-table.yaml::change-names::shata
2024-12-01T09:54:11.095+03:00  INFO 20900 --- [           main] liquibase.changelog                      : Column tasks.eventId renamed to event_id
2024-12-01T09:54:11.098+03:00  INFO 20900 --- [           main] liquibase.changelog                      : ChangeSet db/changelog/changeset/change-tasks-table.yaml::change-names::shata ran successfully in 10ms
2024-12-01T09:54:11.105+03:00  INFO 20900 --- [           main] liquibase.ui                             : Running Changeset: db/changelog/changeset/addepic/create-epic-table.sql::create-tables::ism
2024-12-01T09:54:11.116+03:00  INFO 20900 --- [           main] liquibase.changelog                      : Custom SQL executed
2024-12-01T09:54:11.119+03:00  INFO 20900 --- [           main] liquibase.changelog                      : ChangeSet db/changelog/changeset/addepic/create-epic-table.sql::create-tables::ism ran successfully in 13ms
2024-12-01T09:54:11.125+03:00  INFO 20900 --- [           main] liquibase.ui                             : Running Changeset: db/changelog/changeset/addepic/change-tasks-table.sql::change-tables::ism
2024-12-01T09:54:11.137+03:00  INFO 20900 --- [           main] liquibase.changelog                      : Custom SQL executed
2024-12-01T09:54:11.139+03:00  INFO 20900 --- [           main] liquibase.changelog                      : ChangeSet db/changelog/changeset/addepic/change-tasks-table.sql::change-tables::ism ran successfully in 14ms
2024-12-01T09:54:11.147+03:00  INFO 20900 --- [           main] liquibase.util                           : UPDATE SUMMARY
2024-12-01T09:54:11.147+03:00  INFO 20900 --- [           main] liquibase.util                           : Run:                          4
2024-12-01T09:54:11.147+03:00  INFO 20900 --- [           main] liquibase.util                           : Previously run:               0
2024-12-01T09:54:11.147+03:00  INFO 20900 --- [           main] liquibase.util                           : Filtered out:                 0
2024-12-01T09:54:11.147+03:00  INFO 20900 --- [           main] liquibase.util                           : -------------------------------
2024-12-01T09:54:11.147+03:00  INFO 20900 --- [           main] liquibase.util                           : Total change sets:            4
2024-12-01T09:54:11.148+03:00  INFO 20900 --- [           main] liquibase.util                           : Update summary generated
2024-12-01T09:54:11.148+03:00  INFO 20900 --- [           main] liquibase.command                        : Update command completed successfully.
2024-12-01T09:54:11.148+03:00  INFO 20900 --- [           main] liquibase.ui                             : Liquibase: Update has been successful. Rows affected: 4
2024-12-01T09:54:11.157+03:00  INFO 20900 --- [           main] liquibase.lockservice                    : Successfully released change log lock
2024-12-01T09:54:11.160+03:00  INFO 20900 --- [           main] liquibase.command                        : Command execution complete
2024-12-01T09:54:11.206+03:00  INFO 20900 --- [           main] o.hibernate.jpa.internal.util.LogHelper  : HHH000204: Processing PersistenceUnitInfo [name: default]
2024-12-01T09:54:11.218+03:00  INFO 20900 --- [           main] o.h.c.internal.RegionFactoryInitiator    : HHH000026: Second-level cache disabled
2024-12-01T09:54:11.255+03:00  INFO 20900 --- [           main] o.s.o.j.p.SpringPersistenceUnitInfo      : No LoadTimeWeaver setup: ignoring JPA class transformer
2024-12-01T09:54:11.258+03:00  INFO 20900 --- [           main] com.zaxxer.hikari.HikariDataSource       : HikariPool-2 - Starting...
2024-12-01T09:54:11.285+03:00  INFO 20900 --- [           main] com.zaxxer.hikari.pool.HikariPool        : HikariPool-2 - Added connection org.postgresql.jdbc.PgConnection@78db5702
2024-12-01T09:54:11.286+03:00  INFO 20900 --- [           main] com.zaxxer.hikari.HikariDataSource       : HikariPool-2 - Start completed.
2024-12-01T09:54:11.293+03:00  WARN 20900 --- [           main] org.hibernate.orm.deprecation            : HHH90000025: PostgresPlusDialect does not need to be specified explicitly using 'hibernate.dialect' (remove the property setting and it will be selected by default)
2024-12-01T09:54:11.439+03:00  INFO 20900 --- [           main] o.h.e.t.j.p.i.JtaPlatformInitiator       : HHH000489: No JTA platform available (set 'hibernate.transaction.jta.platform' to enable JTA platform integration)
2024-12-01T09:54:11.439+03:00  INFO 20900 --- [           main] j.LocalContainerEntityManagerFactoryBean : Initialized JPA EntityManagerFactory for persistence unit 'default'
2024-12-01T09:54:11.635+03:00  WARN 20900 --- [           main] JpaBaseConfiguration$JpaWebConfiguration : spring.jpa.open-in-view is enabled by default. Therefore, database queries may be performed during view rendering. Explicitly configure spring.jpa.open-in-view to disable this warning
2024-12-01T09:54:11.883+03:00  INFO 20900 --- [           main] org.example.TaskServiceImplTest          : Started TaskServiceImplTest in 1.564 seconds (process running for 21.178)
]]></system-out>
  </testcase>
  <testcase name="testUpdate" classname="org.example.TaskServiceImplTest" time="0.025"/>
  <testcase name="testUpdateWrongId" classname="org.example.TaskServiceImplTest" time="0.026"/>
  <testcase name="getTasksTest" classname="org.example.TaskServiceImplTest" time="0.193"/>
</testsuite>